<?xml version="1.0" encoding="UTF-8"?>
<!-- Generated by org.testng.reporters.JUnitXMLReporter -->
<testsuite hostname="IBM763-PC0F1EA8" ignored="2" name="Car Loan" tests="3" failures="0" timestamp="05 Nov 2018 08:43:09 GMT" time="0.015" errors="0">
  <testcase name="LoginAPI" time="0.003" classname="TestNG.Demo3"/>
  <testcase name="Mobiesignoutcarloan" time="0.002" classname="TestNG.Demo3"/>
  <testcase name="Weblogincarloan" time="0.003" classname="TestNG.Demo3"/>
  <testcase name="Mobilelogincarloan" time="0.0" classname="TestNG.Demo3">
    <ignored/>
  </testcase> <!-- Mobilelogincarloan -->
  <testcase name="Mobilesignincarloan" time="0.0" classname="TestNG.Demo3">
    <ignored/>
  </testcase> <!-- Mobilesignincarloan -->
</testsuite> <!-- Car Loan -->
