<?xml version="1.0" encoding="UTF-8"?>
<!-- Generated by org.testng.reporters.JUnitXMLReporter -->
<testsuite hostname="IBM763-PC0F1EA8" ignored="2" name="Home LOan" tests="1" failures="0" timestamp="05 Nov 2018 08:43:09 GMT" time="0.012" errors="0">
  <testcase name="LoginAPI" time="0.002" classname="TestNG.Demo4"/>
  <testcase name="WebloginHomeloan" time="0.0" classname="TestNG.Demo4">
    <ignored/>
  </testcase> <!-- WebloginHomeloan -->
  <testcase name="MobileloginHomeloan" time="0.0" classname="TestNG.Demo4">
    <ignored/>
  </testcase> <!-- MobileloginHomeloan -->
</testsuite> <!-- Home LOan -->
