<?xml version="1.0" encoding="UTF-8"?>
<!-- Generated by org.testng.reporters.JUnitXMLReporter -->
<testsuite hostname="IBM763-PC0F1EA8" ignored="0" name="Test" tests="6" failures="0" timestamp="05 Nov 2018 13:03:14 GMT" time="0.086" errors="0">
  <testcase name="para1" time="0.015" classname="TestNG.parameter1"/>
  <testcase name="para2" time="0.002" classname="TestNG.parameter1"/>
  <testcase name="para2" time="0.002" classname="TestNG.parameter1"/>
  <testcase name="para2" time="0.004" classname="TestNG.parameter1"/>
  <testcase name="demo3" time="0.001" classname="TestNG.Ng2Test"/>
  <testcase name="parem" time="0.001" classname="TestNG.parameter2"/>
</testsuite> <!-- Test -->
